<?xml version="1.0" encoding="UTF-8"?>
<testng-results ignored="0" total="1" passed="1" failed="0" skipped="0">
  <reporter-output>
  </reporter-output>
  <suite started-at="2024-01-30T15:19:14 CET" name="Default suite" finished-at="2024-01-30T15:19:17 CET" duration-ms="2960">
    <groups>
    </groups>
    <test started-at="2024-01-30T15:19:14 CET" name="Default test" finished-at="2024-01-30T15:19:17 CET" duration-ms="2960">
      <class name="signUpTest.SignUpTest">
        <test-method is-config="true" signature="setUp()[pri:0, instance:signUpTest.SignUpTest@1530c739]" started-at="2024-01-30T15:19:14 CET" name="setUp" finished-at="2024-01-30T15:19:16 CET" duration-ms="2388" status="PASS">
          <reporter-output>
          </reporter-output>
        </test-method> <!-- setUp -->
        <test-method signature="testSignUpWithValidCred()[pri:0, instance:signUpTest.SignUpTest@1530c739]" started-at="2024-01-30T15:19:16 CET" name="testSignUpWithValidCred" finished-at="2024-01-30T15:19:17 CET" duration-ms="538" status="PASS">
          <reporter-output>
          </reporter-output>
        </test-method> <!-- testSignUpWithValidCred -->
        <test-method is-config="true" signature="tearDown()[pri:0, instance:signUpTest.SignUpTest@1530c739]" started-at="2024-01-30T15:19:17 CET" name="tearDown" finished-at="2024-01-30T15:19:17 CET" duration-ms="1" status="PASS">
          <reporter-output>
          </reporter-output>
        </test-method> <!-- tearDown -->
      </class> <!-- signUpTest.SignUpTest -->
    </test> <!-- Default test -->
  </suite> <!-- Default suite -->
</testng-results>
